[debug] [2018-10-05T11:37:42.958Z] ----------------------------------------------------------------------
[debug] [2018-10-05T11:37:42.962Z] Command:       C:\Program Files\nodejs\node.exe C:\Users\WaterISThirsty\AppData\Roaming\npm\node_modules\firebase-tools\bin\firebase serve
[debug] [2018-10-05T11:37:42.962Z] CLI Version:   4.2.1
[debug] [2018-10-05T11:37:42.962Z] Platform:      win32
[debug] [2018-10-05T11:37:42.962Z] Node Version:  v9.10.1
[debug] [2018-10-05T11:37:42.962Z] Time:          Fri Oct 05 2018 21:37:42 GMT+1000 (AUS Eastern Standard Time)
[debug] [2018-10-05T11:37:42.963Z] ----------------------------------------------------------------------
[debug] 
[debug] [2018-10-05T11:37:42.974Z] > command requires scopes: ["email","openid","https://www.googleapis.com/auth/cloudplatformprojects.readonly","https://www.googleapis.com/auth/firebase","https://www.googleapis.com/auth/cloud-platform"]
[debug] [2018-10-05T11:37:42.975Z] > authorizing via signed-in user
[debug] [2018-10-05T11:37:42.977Z] >>> HTTP REQUEST GET https://admin.firebase.com/v1/projects/cc-assignment2-sonar-msg  
 
[debug] [2018-10-05T11:37:44.209Z] <<< HTTP RESPONSE 200
[debug] [2018-10-05T11:37:44.210Z] >>> HTTP REQUEST GET https://cloudresourcemanager.googleapis.com/v1/projects/cc-assignment2-sonar-msg  
 
[debug] [2018-10-05T11:37:45.720Z] <<< HTTP RESPONSE 200
[info] 
[info] === Serving from 'C:\Users\WaterISThirsty\Documents\University Stuff\Year 4\Semester 2\Cloud Computing\Assignment 2\cloudcomputing'...
[info] 
[info] i  functions: Preparing to emulate functions.
[debug] [2018-10-05T11:37:57.695Z] Fetching environment
[debug] [2018-10-05T11:37:57.715Z] >>> HTTP REQUEST GET https://mobilesdk-pa.googleapis.com/v1/projects/706079279024:getServerAppConfig  
 
[debug] [2018-10-05T11:37:57.715Z] >>> HTTP REQUEST GET https://mobilesdk-pa.googleapis.com/v1/projects/706079279024/clients/_:getWebAppConfig  
 
[debug] [2018-10-05T11:37:58.311Z] <<< HTTP RESPONSE 200
[debug] [2018-10-05T11:37:58.311Z] Starting @google-cloud/functions-emulator
[debug] [2018-10-05T11:37:58.427Z] <<< HTTP RESPONSE 200
[info] i  hosting[cc-assignment2-sonar-msg]: Serving hosting files from: ./
[info] +  hosting[cc-assignment2-sonar-msg]: Local server: http://localhost:5000
[debug] [2018-10-05T11:38:04.021Z] Parsing function triggers
[info] i  functions: No HTTPS functions found. Use firebase functions:shell if you would like to emulate other types of functions.
