[debug] [2018-10-03T05:54:01.184Z] ----------------------------------------------------------------------
[debug] [2018-10-03T05:54:01.184Z] Command:       C:\Program Files\nodejs\node.exe C:\Users\WaterISThirsty\AppData\Roaming\npm\node_modules\firebase-tools\bin\firebase serve
[debug] [2018-10-03T05:54:01.184Z] CLI Version:   4.2.1
[debug] [2018-10-03T05:54:01.189Z] Platform:      win32
[debug] [2018-10-03T05:54:01.189Z] Node Version:  v9.10.1
[debug] [2018-10-03T05:54:01.189Z] Time:          Wed Oct 03 2018 15:54:01 GMT+1000 (AUS Eastern Standard Time)
[debug] [2018-10-03T05:54:01.189Z] ----------------------------------------------------------------------
[debug] 
[debug] [2018-10-03T05:54:01.199Z] > command requires scopes: ["email","openid","https://www.googleapis.com/auth/cloudplatformprojects.readonly","https://www.googleapis.com/auth/firebase","https://www.googleapis.com/auth/cloud-platform"]
[debug] [2018-10-03T05:54:01.199Z] > authorizing via signed-in user
[debug] [2018-10-03T05:54:01.199Z] >>> HTTP REQUEST GET https://admin.firebase.com/v1/projects/cc-assignment2-sonar-msg  
 
[debug] [2018-10-03T05:54:02.388Z] <<< HTTP RESPONSE 200
[debug] [2018-10-03T05:54:02.389Z] >>> HTTP REQUEST GET https://cloudresourcemanager.googleapis.com/v1/projects/cc-assignment2-sonar-msg  
 
[debug] [2018-10-03T05:54:03.952Z] <<< HTTP RESPONSE 200
[info] 
[info] === Serving from 'C:\Users\WaterISThirsty\Documents\University Stuff\Year 4\Semester 2\Cloud Computing\Assignment 2\cloudcomputing'...
[info] 
[info] i  functions: Preparing to emulate functions.
[debug] [2018-10-03T05:54:04.890Z] Fetching environment
[debug] [2018-10-03T05:54:04.895Z] >>> HTTP REQUEST GET https://mobilesdk-pa.googleapis.com/v1/projects/706079279024:getServerAppConfig  
 
[debug] [2018-10-03T05:54:04.895Z] >>> HTTP REQUEST GET https://mobilesdk-pa.googleapis.com/v1/projects/706079279024/clients/_:getWebAppConfig  
 
[debug] [2018-10-03T05:54:05.424Z] <<< HTTP RESPONSE 200
[debug] [2018-10-03T05:54:05.425Z] Starting @google-cloud/functions-emulator
[debug] [2018-10-03T05:54:05.937Z] <<< HTTP RESPONSE 200
[info] i  hosting[cc-assignment2-sonar-msg]: Serving hosting files from: ./
[info] +  hosting[cc-assignment2-sonar-msg]: Local server: http://localhost:5000
[debug] [2018-10-03T05:54:08.665Z] Parsing function triggers
[info] i  functions: No HTTPS functions found. Use firebase functions:shell if you would like to emulate other types of functions.
